
> ai-image-automation@1.0.0 start
> node server.js

========================================
🚀 服务器启动成功！
========================================
📍 请打开浏览器访问: http://localhost:3055
📂 按 Ctrl+C 可以停止服务器
========================================
✨ 已启用功能：
   ✅ 文件夹图片统计（第二阶段）
   ✅ Playwright 浏览器自动化（第三阶段）
      - 登录状态自动保存（只需登录一次）
   ✅ 实时日志系统（第四阶段）
      - 服务器主动推送日志
   ✅ 豆包自动化（第五阶段）
      - 自动上传参考图片
      - 自动发送提示词
   ✅ 回复提取（第六阶段）
      - 从回复中提取五组提示词
   ✅ Legil 平台自动化（第七阶段）
      - 自动输入提示词生成图片
      - 自动保存生成结果
   ✅ Legil 参考图功能（新增）
      - 自动上传参考图到 Legil
      - 支持循环使用多张参考图
   ✅ 完整工作流自动化（第九阶段）
      - 循环处理所有参考图
      - 自动新开豆包对话
========================================
📡 新的日志客户端正在连接...
📡 新的日志客户端已连接，当前连接数: 1
[11:17:34] [system] 实时日志连接已建立
📡 日志客户端已断开，当前连接数: 0
📡 新的日志客户端正在连接...
📡 新的日志客户端已连接，当前连接数: 1
[11:18:43] [system] 实时日志连接已建立

🌐 收到打开网站请求
   名称: doubao
   网址: https://www.doubao.com/chat/
🌐 准备打开 doubao: https://www.doubao.com/chat/
[11:18:44] [browser] 准备打开 doubao
   浏览器未启动，正在启动...
🚀 正在启动浏览器...
[11:18:44] [browser] 正在启动浏览器...
   存储状态文件: C:\Users\dd\Desktop\项目\storage_state.json
   正在启动浏览器...
   加载已保存的登录状态...
✅ 浏览器启动成功
[11:18:45] [browser] ✅ 浏览器启动成功
   正在打开页面...
[11:18:45] [browser] 正在打开 doubao: https://www.doubao.com/chat/
   创建新页面...
   正在加载网页...
   等待页面渲染完成...

🌐 收到打开网站请求
   名称: legil
   网址: https://lumos.diandian.info/legil/image-ai/image-to-image
🌐 准备打开 legil: https://lumos.diandian.info/legil/image-ai/image-to-image
[11:18:47] [browser] 准备打开 legil
   正在打开页面...
[11:18:47] [browser] 正在打开 legil: https://lumos.diandian.info/legil/image-ai/image-to-image
   创建新页面...
   正在加载网页...
   等待页面渲染完成...
✅ doubao 已打开并加载完成
[11:18:51] [browser] ✅ doubao 已打开并加载完成
[11:18:52] [system] 收到统计图片请求
[11:18:52] [info] 路径: D:\工作\自动化工作流1\输入

📂 收到统计图片请求
   路径: D:\工作\自动化工作流1\输入
   📋 文件夹内容: [ '巨大建筑_冰封气象巨塔_01.png', '废弃载具_青椒越野残骸_01.png', '怪物锁定_冰原公路遇袭_01.png' ]
   🖼️  图片文件: [ '巨大建筑_冰封气象巨塔_01.png', '废弃载具_青椒越野残骸_01.png', '怪物锁定_冰原公路遇袭_01.png' ]
   ✅ 统计完成，共 3 张图片

✅ legil 已打开并加载完成
[11:18:53] [browser] ✅ legil 已打开并加载完成
[11:18:54] [system] 收到统计图片请求
[11:18:54] [info] 路径: D:\工作\自动化工作流1\Legil参考图

📂 收到统计图片请求
   路径: D:\工作\自动化工作流1\Legil参考图
   📋 文件夹内容: [ '茉莉.jpg' ]
   🖼️  图片文件: [ '茉莉.jpg' ]
   ✅ 统计完成，共 1 张图片


📁 收到 Legil 参考图文件夹配置
   路径: D:\工作\自动化工作流1\Legil参考图
   ✅ 配置已保存
[11:18:54] [info] 已设置 Legil 参考图文件夹: D:\工作\自动化工作流1\Legil参考图
[11:18:54] [info] 📁 Legil参考图文件夹扫描完成: 找到 1 张参考图
[11:18:54] [info]    参考图列表: 茉莉.jpg

🔄 收到完整工作流启动请求（第九阶段）
   输入文件夹: D:\工作\自动化工作流1\输入
   输出文件夹: D:\工作\自动化工作流1\输出
   Legil参考图文件夹: D:\工作\自动化工作流1\Legil参考图
[11:19:11] [info] 已设置 Legil 参考图文件夹: D:\工作\自动化工作流1\Legil参考图
[11:19:11] [info] 📁 Legil参考图文件夹扫描完成: 找到 1 张参考图
[11:19:11] [info]    参考图列表: 茉莉.jpg
[11:19:11] [info] 已设置 Legil 参考图文件夹: D:\工作\自动化工作流1\Legil参考图
[11:19:11] [info] ========================================
[11:19:11] [info] 🚀 启动完整工作流 - 第九阶段
[11:19:11] [info] ========================================
[11:19:11] [info] 输入文件夹: D:\工作\自动化工作流1\输入
[11:19:11] [info] 输出文件夹: D:\工作\自动化工作流1\输出
[11:19:11] [info] 找到 3 张参考图，开始处理...
[11:19:11] [info] 
[11:19:11] [info] ========================================
[11:19:11] [info] 📷 正在处理第 1/3 张参考图
[11:19:11] [info] 文件名: 巨大建筑_冰封气象巨塔_01.png
[11:19:11] [info] ========================================
[11:19:11] [info] 
[11:19:11] [info] ╔════════════════════════════════════════════════════════════╗
[11:19:11] [info] ║ 📷 参考图 1/3: 巨大建筑_冰封气象巨塔_01.png
[11:19:11] [info] ╠════════════════════════════════════════════════════════════╣
[11:19:11] [info] ║ [步骤0] 检查豆包页面状态...
[11:19:11] [info] ╚════════════════════════════════════════════════════════════╝
[11:19:11] [info] 
[11:19:11] [info] ╔════════════════════════════════════════════════════════════╗
[11:19:11] [info] ║ [步骤1] 豆包：上传图片并获取5组提示词...
[11:19:11] [info] ╚════════════════════════════════════════════════════════════╝
[11:19:11] [info] ========================================
[11:19:11] [info] 🔄 开始处理第 1/3 张参考图
[11:19:11] [info] 图片路径: D:\工作\自动化工作流1\输入\巨大建筑_冰封气象巨塔_01.png
[11:19:11] [info] ========================================
[11:19:11] [browser] 正在上传图片...
[11:19:11] [info] 定位上传按钮...
[11:19:13] [info] 找到文件输入框，正在上传...
[11:19:14] [info] 图片已选择，等待上传完成...
[11:19:22] [info] ✅ 图片上传成功
[11:19:22] [info] 等待图片上传完成（约 5-10 秒）...
[11:19:30] [browser] 正在发送提示词...
[11:19:30] [info] 正在定位输入框...
[11:19:45] [info] 找到输入框: [class*="editor"]
[11:19:47] [info] 正在逐字填入提示词（模拟人工）...
[11:20:05] [info] 提示词已填入
[11:20:07] [info] 正在发送消息...
[11:20:07] [info] 通过按钮发送成功: button[class*="send"]
[11:20:07] [info] 已发送，开始轮询检查回复状态...
[11:20:07] [info]   等待回复... 已等待 0秒，剩余 300秒
[11:20:37] [info]   等待回复... 已等待 30秒，剩余 269秒
[11:21:07] [info] ✅ 检测到回复已完成（共等待 60秒）
[11:21:07] [browser] 正在获取回复内容...
[11:21:10] [info] 等待内容完全加载...
[11:21:13] [info] 正在获取豆包回复（排除用户消息）...
[11:21:13] [info] ✅ 获取到豆包回复，长度: 1790
[11:21:13] [info] ========================================
[11:21:13] [info] ✅ 第 1/3 张参考图处理完成
[11:21:13] [info] ========================================
[11:21:13] [info] 正在从回复中提取提示词...
[11:21:13] [info] 开始提取五组提示词...
[11:21:13] [info] 回复内容长度: 1790 字符
[11:21:13] [info] AI回复部分长度: 1790 字符
[11:21:13] [info] ✅ 找到 5 组提示词（按"提示词 X"格式）
[11:21:13] [info]   提示词 1: 末日冰封・悬疑氛围版
关键词：史诗级、冷色调、电影感、神秘信号塔
画面描述：一座通体被坚冰包裹的巨型温度计灯塔，矗立在被...
[11:21:13] [info]   提示词 2: 极地探险・冒险主题版
关键词：探险家视角、明亮冷调、动态张力、卡通渲染
画面描述：一个穿着厚重防寒服的卡通探险家，站在冰...
[11:21:13] [info]   提示词 3: 赛博冰境・科幻未来版
关键词：赛博朋克、霓虹冷光、未来感、科技与冰封碰撞
画面描述：一座赛博风格的巨型温度计建筑，矗立在...
[11:21:13] [info]   提示词 4: 冰雪童话・治愈奇幻版
关键词：低多边形、治愈风、暖冷对比、可爱卡通
画面描述：一座被冰雪精灵环绕的巨型温度计城堡，塔身是...
[11:21:13] [info]   提示词 5: 风暴前夕・压迫感氛围版
关键词：风暴云、低光、高对比、史诗感、电影级
画面描述：一座被风暴笼罩的巨型温度计塔，矗立在一望...
[11:21:13] [info] ✅ 已提取到 5 组有效提示词
[11:21:13] [info] 提取结果摘要:
[11:21:13] [info]   [1] 末日冰封・悬疑氛围版
关键词：史诗级、冷色调、电影感、神秘信号塔
画面描述：一座通体被坚冰包裹的巨型温度计灯塔，矗立在被暴风雪吞噬的末日荒原中央，温度计刻度清晰...
[11:21:13] [info]   [2] 极地探险・冒险主题版
关键词：探险家视角、明亮冷调、动态张力、卡通渲染
画面描述：一个穿着厚重防寒服的卡通探险家，站在冰封巨型温度计的脚下，抬头仰望这座高耸入云...
[11:21:13] [info]   [3] 赛博冰境・科幻未来版
关键词：赛博朋克、霓虹冷光、未来感、科技与冰封碰撞
画面描述：一座赛博风格的巨型温度计建筑，矗立在未来城市的废墟之中，塔身被透明的冰壳包裹...
[11:21:13] [info]   [4] 冰雪童话・治愈奇幻版
关键词：低多边形、治愈风、暖冷对比、可爱卡通
画面描述：一座被冰雪精灵环绕的巨型温度计城堡，塔身是透明的冰雕材质，温度计的液柱是淡淡的蓝色...
[11:21:13] [info]   [5] 风暴前夕・压迫感氛围版
关键词：风暴云、低光、高对比、史诗感、电影级
画面描述：一座被风暴笼罩的巨型温度计塔，矗立在一望无际的冰封荒原上，塔身被狂风卷起的暴雪冲...
[11:21:13] [info] ✅ 成功获取 5 组提示词
[11:21:13] [info] 💾 提示词已缓存，可通过API获取
[11:21:13] [info] 正在关闭第 1 张参考图的豆包对话窗口...
[11:21:13] [info] 正在关闭第 1 张参考图的豆包对话窗口...
[11:21:13] [info] ✅ 已关闭第 1 张参考图的豆包对话窗口
[11:21:13] [info] 
[11:21:13] [info] ╔════════════════════════════════════════════════════════════╗
[11:21:13] [info] ║ [步骤2] Legil：每组提示词生成1张图片（共5张）
[11:21:13] [info] ╚════════════════════════════════════════════════════════════╝
[11:21:13] [info] 
[11:21:13] [info] ┌────────────────────────────────────────────────────────────┐
[11:21:13] [info] │ 🎨 提示词 1/5
[11:21:13] [info] ├────────────────────────────────────────────────────────────┤
[11:21:13] [info] │ 末日冰封・悬疑氛围版
关键词：史诗级、冷色调、电影感、神秘信号塔
画面描述：一座通体被坚冰包裹的巨型...
[11:21:13] [info] └────────────────────────────────────────────────────────────┘
[11:21:13] [info] ========================================
[11:21:13] [info] 开始 Legil 自动化流程 - 第 1 张图片
[11:21:13] [info] ========================================
[11:21:13] [info] [步骤1/5] 正在上传参考图...
[11:21:13] [info] 准备上传参考图: 茉莉.jpg
[11:21:15] [info] 找到文件上传输入框: input[type="file"]
[11:21:15] [info] 已选择参考图文件: 茉莉.jpg
[11:21:18] [info] 参考图上传流程完成
[11:21:18] [info] ✅ 参考图上传成功
[11:21:21] [info] [步骤2/5] 正在填入提示词...
[11:21:23] [info] 找到输入框: textarea[placeholder*="描述"]
[11:21:23] [info] 提示词已填入
[11:21:23] [info] [步骤3/5] 正在点击生成按钮...
[11:21:23] [info] 找到生成按钮: button:has-text("创建图片")
[11:21:24] [info] 已点击生成按钮
[11:21:24] [info] [步骤4/5] 等待图片生成完成（约3-5分钟）...
[11:21:24] [info] 等待图片生成中...
[11:21:54] [info] ⏳ 已等待 30 秒...
[11:22:15] [info] ✅ 检测到"创建图片"按钮，生成完成
[11:22:18] [info] [步骤5/5] 正在保存生成的图片...
[11:22:18] [info] 正在查找缩略图...
[11:22:18] [info] 找到缩略图: 200x200
[11:22:18] [info] 点击缩略图打开大图...
[11:22:18] [info] 已点击，等待大图弹窗...
[11:22:21] [info] 查找完整大图...
[11:22:21] [info] 找到完整大图: https://legil-diandian-lumos.oss-cn-beijing.aliyuncs.com/output%2Fchenyang.li%2F...
[11:22:21] [info] 正在下载图片...
[11:22:21] [info] 下载完成: 2558.68 KB
[11:22:21] [info] ✅ 图片保存成功: legil_1_2026-05-09T03-22-18.png (2558.68 KB)
[11:22:22] [info] ========================================
[11:22:22] [info] ✅ 流程完成！图片已保存
[11:22:22] [info] 📁 保存路径: D:\工作\自动化工作流1\输出\legil_1_2026-05-09T03-22-18.png
[11:22:22] [info] ========================================
[11:22:22] [info] ✅ 图片 1/5 生成成功
[11:22:22] [info] ⏳ 等待5秒后继续下一张...
[11:22:27] [info] 
[11:22:27] [info] ┌────────────────────────────────────────────────────────────┐
[11:22:27] [info] │ 🎨 提示词 2/5
[11:22:27] [info] ├────────────────────────────────────────────────────────────┤
[11:22:27] [info] │ 极地探险・冒险主题版
关键词：探险家视角、明亮冷调、动态张力、卡通渲染
画面描述：一个穿着厚重防寒服...
[11:22:27] [info] └────────────────────────────────────────────────────────────┘
[11:22:27] [info] ========================================
[11:22:27] [info] 开始 Legil 自动化流程 - 第 2 张图片
[11:22:27] [info] ========================================
[11:22:27] [info] [步骤1/5] 正在上传参考图...
[11:22:27] [info] 准备上传参考图: 茉莉.jpg
[11:22:29] [info] 找到文件上传输入框: input[type="file"]
[11:22:29] [info] 已选择参考图文件: 茉莉.jpg
[11:22:32] [info] 参考图上传流程完成
[11:22:32] [info] ✅ 参考图上传成功
[11:22:35] [info] [步骤2/5] 正在填入提示词...
[11:22:37] [info] 找到输入框: textarea[placeholder*="描述"]
[11:22:37] [info] 提示词已填入
[11:22:37] [info] [步骤3/5] 正在点击生成按钮...
[11:22:37] [info] 找到生成按钮: button:has-text("创建图片")
[11:22:37] [info] 已点击生成按钮
[11:22:37] [info] [步骤4/5] 等待图片生成完成（约3-5分钟）...
[11:22:37] [info] 等待图片生成中...
[11:23:08] [info] ⏳ 已等待 30 秒...
[11:23:38] [info] ⏳ 已等待 60 秒...
[11:23:50] [info] ✅ 检测到"创建图片"按钮，生成完成
[11:23:53] [info] [步骤5/5] 正在保存生成的图片...
[11:23:53] [info] 正在查找缩略图...
[11:23:53] [info] 找到缩略图: 200x200
[11:23:53] [info] 点击缩略图打开大图...
[11:23:53] [info] 已点击，等待大图弹窗...
[11:23:56] [info] 查找完整大图...
[11:23:56] [info] 找到完整大图: https://legil-diandian-lumos.oss-cn-beijing.aliyuncs.com/output%2Fchenyang.li%2F...
[11:23:56] [info] 正在下载图片...
[11:23:57] [info] 下载完成: 6629.38 KB
[11:23:57] [info] ✅ 图片保存成功: legil_2_2026-05-09T03-23-53.png (6629.38 KB)
[11:23:58] [info] ========================================
[11:23:58] [info] ✅ 流程完成！图片已保存
[11:23:58] [info] 📁 保存路径: D:\工作\自动化工作流1\输出\legil_2_2026-05-09T03-23-53.png
[11:23:58] [info] ========================================
[11:23:58] [info] ✅ 图片 2/5 生成成功
[11:23:58] [info] ⏳ 等待5秒后继续下一张...
[11:24:03] [info] 
[11:24:03] [info] ┌────────────────────────────────────────────────────────────┐
[11:24:03] [info] │ 🎨 提示词 3/5
[11:24:03] [info] ├────────────────────────────────────────────────────────────┤
[11:24:03] [info] │ 赛博冰境・科幻未来版
关键词：赛博朋克、霓虹冷光、未来感、科技与冰封碰撞
画面描述：一座赛博风格的巨...
[11:24:03] [info] └────────────────────────────────────────────────────────────┘
[11:24:03] [info] ========================================
[11:24:03] [info] 开始 Legil 自动化流程 - 第 3 张图片
[11:24:03] [info] ========================================
[11:24:03] [info] [步骤1/5] 正在上传参考图...
[11:24:03] [info] 准备上传参考图: 茉莉.jpg
[11:24:05] [info] 找到文件上传输入框: input[type="file"]
[11:24:05] [info] 已选择参考图文件: 茉莉.jpg
[11:24:08] [info] 参考图上传流程完成
[11:24:08] [info] ✅ 参考图上传成功
[11:24:11] [info] [步骤2/5] 正在填入提示词...
[11:24:13] [info] 找到输入框: textarea[placeholder*="描述"]
[11:24:14] [info] 提示词已填入
[11:24:14] [info] [步骤3/5] 正在点击生成按钮...
[11:24:14] [info] 找到生成按钮: button:has-text("创建图片")
[11:24:14] [info] 已点击生成按钮
[11:24:14] [info] [步骤4/5] 等待图片生成完成（约3-5分钟）...
[11:24:14] [info] 等待图片生成中...
[11:24:44] [info] ⏳ 已等待 30 秒...
[11:25:14] [info] ✅ 检测到"创建图片"按钮，生成完成
[11:25:17] [info] [步骤5/5] 正在保存生成的图片...
[11:25:17] [info] 正在查找缩略图...
[11:25:17] [info] 找到缩略图: 200x200
[11:25:17] [info] 点击缩略图打开大图...
[11:25:17] [info] 已点击，等待大图弹窗...
[11:25:20] [info] 查找完整大图...
[11:25:20] [info] 找到完整大图: https://legil-diandian-lumos.oss-cn-beijing.aliyuncs.com/output%2Fchenyang.li%2F...
[11:25:20] [info] 正在下载图片...
[11:25:21] [info] 下载完成: 6864.54 KB
[11:25:21] [info] ✅ 图片保存成功: legil_3_2026-05-09T03-25-17.png (6864.54 KB)
[11:25:22] [info] ========================================
[11:25:22] [info] ✅ 流程完成！图片已保存
[11:25:22] [info] 📁 保存路径: D:\工作\自动化工作流1\输出\legil_3_2026-05-09T03-25-17.png
[11:25:22] [info] ========================================
[11:25:22] [info] ✅ 图片 3/5 生成成功
[11:25:22] [info] ⏳ 等待5秒后继续下一张...
[11:25:27] [info] 
[11:25:27] [info] ┌────────────────────────────────────────────────────────────┐
[11:25:27] [info] │ 🎨 提示词 4/5
[11:25:27] [info] ├────────────────────────────────────────────────────────────┤
[11:25:27] [info] │ 冰雪童话・治愈奇幻版
关键词：低多边形、治愈风、暖冷对比、可爱卡通
画面描述：一座被冰雪精灵环绕的巨...
[11:25:27] [info] └────────────────────────────────────────────────────────────┘
[11:25:27] [info] ========================================
[11:25:27] [info] 开始 Legil 自动化流程 - 第 4 张图片
[11:25:27] [info] ========================================
[11:25:27] [info] [步骤1/5] 正在上传参考图...
[11:25:27] [info] 准备上传参考图: 茉莉.jpg
[11:25:29] [info] 找到文件上传输入框: input[type="file"]
[11:25:29] [info] 已选择参考图文件: 茉莉.jpg
[11:25:32] [info] 参考图上传流程完成
[11:25:32] [info] ✅ 参考图上传成功
[11:25:35] [info] [步骤2/5] 正在填入提示词...
[11:25:37] [info] 找到输入框: textarea[placeholder*="描述"]
[11:25:38] [info] 提示词已填入
[11:25:38] [info] [步骤3/5] 正在点击生成按钮...
[11:25:38] [info] 找到生成按钮: button:has-text("创建图片")
[11:25:38] [info] 已点击生成按钮
[11:25:38] [info] [步骤4/5] 等待图片生成完成（约3-5分钟）...
[11:25:38] [info] 等待图片生成中...
[11:26:08] [info] ⏳ 已等待 30 秒...
[11:26:20] [info] ✅ 检测到"创建图片"按钮，生成完成
[11:26:23] [info] [步骤5/5] 正在保存生成的图片...
[11:26:23] [info] 正在查找缩略图...
[11:26:23] [info] 找到缩略图: 200x200
[11:26:23] [info] 点击缩略图打开大图...
[11:26:23] [info] 已点击，等待大图弹窗...
[11:26:26] [info] 查找完整大图...
[11:26:26] [info] 找到完整大图: https://legil-diandian-lumos.oss-cn-beijing.aliyuncs.com/output%2Fchenyang.li%2F...
[11:26:26] [info] 正在下载图片...
[11:26:26] [info] 下载完成: 2168.96 KB
[11:26:26] [info] ✅ 图片保存成功: legil_4_2026-05-09T03-26-23.png (2168.96 KB)
[11:26:27] [info] ========================================
[11:26:27] [info] ✅ 流程完成！图片已保存
[11:26:27] [info] 📁 保存路径: D:\工作\自动化工作流1\输出\legil_4_2026-05-09T03-26-23.png
[11:26:27] [info] ========================================
[11:26:27] [info] ✅ 图片 4/5 生成成功
[11:26:27] [info] ⏳ 等待5秒后继续下一张...
[11:26:32] [info] 
[11:26:32] [info] ┌────────────────────────────────────────────────────────────┐
[11:26:32] [info] │ 🎨 提示词 5/5
[11:26:32] [info] ├────────────────────────────────────────────────────────────┤
[11:26:32] [info] │ 风暴前夕・压迫感氛围版
关键词：风暴云、低光、高对比、史诗感、电影级
画面描述：一座被风暴笼罩的巨型...
[11:26:32] [info] └────────────────────────────────────────────────────────────┘
[11:26:32] [info] ========================================
[11:26:32] [info] 开始 Legil 自动化流程 - 第 5 张图片
[11:26:32] [info] ========================================
[11:26:32] [info] [步骤1/5] 正在上传参考图...
[11:26:32] [info] 准备上传参考图: 茉莉.jpg
[11:26:34] [info] 找到文件上传输入框: input[type="file"]
[11:26:34] [info] 已选择参考图文件: 茉莉.jpg
[11:26:37] [info] 参考图上传流程完成
[11:26:37] [info] ✅ 参考图上传成功
[11:26:40] [info] [步骤2/5] 正在填入提示词...
[11:26:42] [info] 找到输入框: textarea[placeholder*="描述"]
[11:26:42] [info] 提示词已填入
[11:26:42] [info] [步骤3/5] 正在点击生成按钮...
[11:26:42] [info] 找到生成按钮: button:has-text("创建图片")
[11:26:43] [info] 已点击生成按钮
[11:26:43] [info] [步骤4/5] 等待图片生成完成（约3-5分钟）...
[11:26:43] [info] 等待图片生成中...
[11:27:13] [info] ⏳ 已等待 30 秒...
[11:27:34] [info] ✅ 检测到"创建图片"按钮，生成完成
[11:27:37] [info] [步骤5/5] 正在保存生成的图片...
[11:27:37] [info] 正在查找缩略图...
[11:27:37] [info] 找到缩略图: 200x200
[11:27:37] [info] 点击缩略图打开大图...
[11:27:37] [info] 已点击，等待大图弹窗...
[11:27:40] [info] 查找完整大图...
[11:27:40] [info] 找到完整大图: https://legil-diandian-lumos.oss-cn-beijing.aliyuncs.com/output%2Fchenyang.li%2F...
[11:27:40] [info] 正在下载图片...
[11:27:40] [info] 下载完成: 2335.86 KB
[11:27:40] [info] ✅ 图片保存成功: legil_5_2026-05-09T03-27-37.png (2335.86 KB)
[11:27:41] [info] ========================================
[11:27:41] [info] ✅ 流程完成！图片已保存
[11:27:41] [info] 📁 保存路径: D:\工作\自动化工作流1\输出\legil_5_2026-05-09T03-27-37.png
[11:27:41] [info] ========================================
[11:27:41] [info] ✅ 图片 5/5 生成成功
[11:27:41] [info] 
[11:27:41] [info] ╔════════════════════════════════════════════════════════════╗
[11:27:41] [info] ║ ✅ 参考图 1/3 处理完毕！
[11:27:41] [info] ║    已生成5张图片，准备下一张...
[11:27:41] [info] ╚════════════════════════════════════════════════════════════╝
[11:27:41] [info] 
[11:27:41] [info] ⏳ 准备处理下一张参考图...
[11:27:41] [info] ⏸️ 等待30秒冷却时间（避免触发风控）...
[11:28:11] [info] 正在新开豆包对话...
[11:28:11] [warn] 豆包页面未打开，正在重新打开...
🌐 准备打开 doubao: https://www.doubao.com/chat/
[11:28:11] [browser] 准备打开 doubao
   正在打开页面...
[11:28:11] [browser] 正在打开 doubao: https://www.doubao.com/chat/
   创建新页面...
   正在加载网页...
   等待页面渲染完成...
✅ doubao 已打开并加载完成
[11:28:17] [browser] ✅ doubao 已打开并加载完成
[11:28:27] [info] 
[11:28:27] [info] ========================================
[11:28:27] [info] 📷 正在处理第 2/3 张参考图
[11:28:27] [info] 文件名: 废弃载具_青椒越野残骸_01.png
[11:28:27] [info] ========================================
[11:28:27] [info] 
[11:28:27] [info] ╔════════════════════════════════════════════════════════════╗
[11:28:27] [info] ║ 📷 参考图 2/3: 废弃载具_青椒越野残骸_01.png
[11:28:27] [info] ╠════════════════════════════════════════════════════════════╣
[11:28:27] [info] ║ [步骤0] 检查豆包页面状态...
[11:28:27] [info] ╚════════════════════════════════════════════════════════════╝
[11:28:27] [info] 
[11:28:27] [info] ╔════════════════════════════════════════════════════════════╗
[11:28:27] [info] ║ [步骤1] 豆包：上传图片并获取5组提示词...
[11:28:27] [info] ╚════════════════════════════════════════════════════════════╝
[11:28:27] [info] ========================================
[11:28:27] [info] 🔄 开始处理第 2/3 张参考图
[11:28:27] [info] 图片路径: D:\工作\自动化工作流1\输入\废弃载具_青椒越野残骸_01.png
[11:28:27] [info] ========================================
[11:28:27] [info] 
[11:28:27] [info] 📱 正在为第 2 张参考图新建豆包对话窗口...
[11:28:27] [info] 正在点击"新对话"按钮...
[11:28:27] [info] ✅ 已点击"新对话"按钮
[11:28:30] [info] ✅ 新对话窗口已开启
[11:28:30] [info] ✅ 已为第 2 张参考图新建豆包对话窗口
[11:28:33] [browser] 正在上传图片...
[11:28:33] [info] 定位上传按钮...
[11:28:35] [info] 找到文件输入框，正在上传...
[11:28:35] [info] 图片已选择，等待上传完成...
[11:28:43] [info] ✅ 图片上传成功
[11:28:43] [info] 等待图片上传完成（约 5-10 秒）...
[11:28:51] [browser] 正在发送提示词...
[11:28:51] [info] 正在定位输入框...
[11:29:06] [info] 找到输入框: [class*="editor"]
[11:29:08] [info] 正在逐字填入提示词（模拟人工）...
[11:29:25] [info] 提示词已填入
[11:29:27] [info] 正在发送消息...
[11:29:27] [info] 通过按钮发送成功: button[class*="send"]
[11:29:27] [info] 已发送，开始轮询检查回复状态...
[11:29:27] [info]   等待回复... 已等待 0秒，剩余 300秒
[11:29:57] [info]   等待回复... 已等待 30秒，剩余 269秒
[11:30:27] [info]   等待回复... 已等待 60秒，剩余 239秒
[11:30:57] [info]   等待回复... 已等待 90秒，剩余 209秒
[11:31:27] [info]   等待回复... 已等待 120秒，剩余 179秒
[11:31:57] [info]   等待回复... 已等待 150秒，剩余 149秒
[11:32:27] [info]   等待回复... 已等待 180秒，剩余 119秒
[11:32:57] [info]   等待回复... 已等待 210秒，剩余 89秒
[11:33:27] [info]   等待回复... 已等待 240秒，剩余 59秒
[11:33:57] [info]   等待回复... 已等待 270秒，剩余 29秒
[11:34:27] [error] ❌ 等待回复超时（超过5分钟），图片处理失败: 废弃载具_青椒越野残骸_01.png
[11:34:27] [info] 📝 已记录失败图片到日志: C:\Users\dd\Desktop\项目\failed_images.log
[11:34:27] [error] ❌ 豆包自动化失败: 等待豆包回复超时
[11:34:27] [error] ❌ 处理失败: 豆包生成提示词失败
[11:34:27] [info] ⏸️ 等待10秒后开启新对话...

⏹️ 收到停止工作流请求
[11:34:31] [info] ⏹️ 工作流已停止
[11:34:37] [info] 正在新开豆包对话...
[11:34:37] [info] 未找到新建对话按钮，刷新页面...
[11:34:38] [info] ✅ 页面已刷新
[11:34:46] [info] 
[11:34:46] [info] ========================================
[11:34:46] [info] 📷 正在处理第 3/3 张参考图
[11:34:46] [info] 文件名: 怪物锁定_冰原公路遇袭_01.png
[11:34:46] [info] ========================================
[11:34:46] [info] 
[11:34:46] [info] ╔════════════════════════════════════════════════════════════╗
[11:34:46] [info] ║ 📷 参考图 3/3: 怪物锁定_冰原公路遇袭_01.png
[11:34:46] [info] ╠════════════════════════════════════════════════════════════╣
[11:34:46] [info] ║ [步骤0] 检查豆包页面状态...
[11:34:46] [info] ╚════════════════════════════════════════════════════════════╝
[11:34:46] [info] 
[11:34:46] [info] ╔════════════════════════════════════════════════════════════╗
[11:34:46] [info] ║ [步骤1] 豆包：上传图片并获取5组提示词...
[11:34:46] [info] ╚════════════════════════════════════════════════════════════╝
[11:34:46] [info] ========================================
[11:34:46] [info] 🔄 开始处理第 3/3 张参考图
[11:34:46] [info] 图片路径: D:\工作\自动化工作流1\输入\怪物锁定_冰原公路遇袭_01.png
[11:34:46] [info] ========================================
[11:34:46] [info] 
[11:34:46] [info] 📱 正在为第 3 张参考图新建豆包对话窗口...
[11:34:46] [info] 正在点击"新对话"按钮...
[11:34:47] [info] ✅ 已点击"新对话"按钮
[11:34:50] [info] ✅ 新对话窗口已开启
[11:34:50] [info] ✅ 已为第 3 张参考图新建豆包对话窗口
[11:34:53] [browser] 正在上传图片...
[11:34:53] [info] 定位上传按钮...
[11:34:54] [info] 找到文件输入框，正在上传...
[11:34:54] [info] 图片已选择，等待上传完成...
[11:35:05] [info] ✅ 图片上传成功
[11:35:05] [info] 等待图片上传完成（约 5-10 秒）...
[11:35:13] [browser] 正在发送提示词...
[11:35:13] [info] 正在定位输入框...
[11:35:28] [info] 找到输入框: [class*="editor"]
[11:35:30] [info] 正在逐字填入提示词（模拟人工）...
[11:35:47] [info] 提示词已填入
[11:35:48] [info] 正在发送消息...
[11:37:18] [info] 尝试按回车键发送...
[11:37:19] [info] 通过回车键发送
[11:37:19] [info] 已发送，开始轮询检查回复状态...
[11:37:19] [info]   等待回复... 已等待 0秒，剩余 300秒
📡 日志客户端已断开，当前连接数: 0
📡 新的日志客户端正在连接...
📡 新的日志客户端已连接，当前连接数: 1
[11:37:22] [system] 实时日志连接已建立

🌐 收到打开网站请求
   名称: doubao
   网址: https://www.doubao.com/chat/
🌐 准备打开 doubao: https://www.doubao.com/chat/
[11:37:38] [browser] 准备打开 doubao
   正在打开页面...
[11:37:38] [browser] 正在打开 doubao: https://www.doubao.com/chat/
   已关闭旧的 doubao 页面
   创建新页面...
   正在加载网页...
   等待页面渲染完成...

🌐 收到打开网站请求
   名称: legil
   网址: https://lumos.diandian.info/legil/image-ai/image-to-image
🌐 准备打开 legil: https://lumos.diandian.info/legil/image-ai/image-to-image
[11:37:42] [browser] 准备打开 legil
   正在打开页面...
[11:37:42] [browser] 正在打开 legil: https://lumos.diandian.info/legil/image-ai/image-to-image
   已关闭旧的 legil 页面
   创建新页面...
   正在加载网页...
   等待页面渲染完成...
✅ doubao 已打开并加载完成
[11:37:45] [browser] ✅ doubao 已打开并加载完成
✅ legil 已打开并加载完成
[11:37:47] [browser] ✅ legil 已打开并加载完成
[11:37:49] [system] 收到统计图片请求
[11:37:49] [info] 路径: D:\工作\自动化工作流1\输入

📂 收到统计图片请求
   路径: D:\工作\自动化工作流1\输入
   📋 文件夹内容: [ '巨大建筑_冰封气象巨塔_01.png', '废弃载具_青椒越野残骸_01.png', '怪物锁定_冰原公路遇袭_01.png' ]
   🖼️  图片文件: [ '巨大建筑_冰封气象巨塔_01.png', '废弃载具_青椒越野残骸_01.png', '怪物锁定_冰原公路遇袭_01.png' ]
   ✅ 统计完成，共 3 张图片

[11:37:49] [info]   等待回复... 已等待 30秒，剩余 269秒
[11:37:50] [system] 收到统计图片请求
[11:37:50] [info] 路径: D:\工作\自动化工作流1\Legil参考图

📂 收到统计图片请求
   路径: D:\工作\自动化工作流1\Legil参考图
   📋 文件夹内容: [ '茉莉.jpg' ]
   🖼️  图片文件: [ '茉莉.jpg' ]
   ✅ 统计完成，共 1 张图片


📁 收到 Legil 参考图文件夹配置
   路径: D:\工作\自动化工作流1\Legil参考图
   ✅ 配置已保存
[11:37:50] [info] 已设置 Legil 参考图文件夹: D:\工作\自动化工作流1\Legil参考图
[11:37:50] [info] 📁 Legil参考图文件夹扫描完成: 找到 1 张参考图
[11:37:50] [info]    参考图列表: 茉莉.jpg

🔄 收到完整工作流启动请求（第九阶段）
   输入文件夹: D:\工作\自动化工作流1\输入
   输出文件夹: D:\工作\自动化工作流1\输出
   Legil参考图文件夹: D:\工作\自动化工作流1\Legil参考图
[11:37:55] [info] 已设置 Legil 参考图文件夹: D:\工作\自动化工作流1\Legil参考图
[11:37:55] [info] 📁 Legil参考图文件夹扫描完成: 找到 1 张参考图
[11:37:55] [info]    参考图列表: 茉莉.jpg
[11:37:55] [info] 已设置 Legil 参考图文件夹: D:\工作\自动化工作流1\Legil参考图
[11:37:55] [info] ========================================
[11:37:55] [info] 🚀 启动完整工作流 - 第九阶段
[11:37:55] [info] ========================================
[11:37:55] [info] 输入文件夹: D:\工作\自动化工作流1\输入
[11:37:55] [info] 输出文件夹: D:\工作\自动化工作流1\输出
[11:37:55] [info] 找到 3 张参考图，开始处理...
[11:37:55] [info] 
[11:37:55] [info] ========================================
[11:37:55] [info] 📷 正在处理第 1/3 张参考图
[11:37:55] [info] 文件名: 巨大建筑_冰封气象巨塔_01.png
[11:37:55] [info] ========================================
[11:37:55] [info] 
[11:37:55] [info] ╔════════════════════════════════════════════════════════════╗
[11:37:55] [info] ║ 📷 参考图 1/3: 巨大建筑_冰封气象巨塔_01.png
[11:37:55] [info] ╠════════════════════════════════════════════════════════════╣
[11:37:55] [info] ║ [步骤0] 检查豆包页面状态...
[11:37:55] [info] ╚════════════════════════════════════════════════════════════╝
[11:37:55] [info] 
[11:37:55] [info] ╔════════════════════════════════════════════════════════════╗
[11:37:55] [info] ║ [步骤1] 豆包：上传图片并获取5组提示词...
[11:37:55] [info] ╚════════════════════════════════════════════════════════════╝
[11:37:55] [info] ========================================
[11:37:55] [info] 🔄 开始处理第 1/3 张参考图
[11:37:55] [info] 图片路径: D:\工作\自动化工作流1\输入\巨大建筑_冰封气象巨塔_01.png
[11:37:55] [info] ========================================
[11:37:55] [browser] 正在上传图片...
[11:37:55] [info] 定位上传按钮...
[11:37:57] [info] 找到文件输入框，正在上传...
[11:37:57] [info] 图片已选择，等待上传完成...
[11:38:07] [info] ✅ 图片上传成功
[11:38:07] [info] 等待图片上传完成（约 5-10 秒）...
[11:38:15] [browser] 正在发送提示词...
[11:38:15] [info] 正在定位输入框...
[11:38:19] [info]   等待回复... 已等待 60秒，剩余 239秒
[11:38:30] [info] 找到输入框: [class*="editor"]
[11:38:32] [info] 正在逐字填入提示词（模拟人工）...
[11:38:49] [info]   等待回复... 已等待 90秒，剩余 209秒
[11:38:50] [info] 提示词已填入
[11:38:51] [info] 正在发送消息...
[11:38:52] [info] 通过按钮发送成功: button[class*="send"]
[11:38:52] [info] 已发送，开始轮询检查回复状态...
[11:38:52] [info]   等待回复... 已等待 0秒，剩余 300秒
[11:39:19] [info]   等待回复... 已等待 120秒，剩余 179秒
[11:39:22] [info] ✅ 检测到回复已完成（共等待 30秒）
[11:39:22] [browser] 正在获取回复内容...
[11:39:25] [info] 等待内容完全加载...
[11:39:28] [info] 正在获取豆包回复（排除用户消息）...
[11:39:28] [info] ✅ 获取到豆包回复，长度: 1214
[11:39:28] [info] ========================================
[11:39:28] [info] ✅ 第 1/3 张参考图处理完成
[11:39:28] [info] ========================================
[11:39:28] [info] 正在从回复中提取提示词...
[11:39:28] [info] 开始提取五组提示词...
[11:39:28] [info] 回复内容长度: 1214 字符
[11:39:28] [info] AI回复部分长度: 1214 字符
[11:39:28] [info] ✅ 找到 5 组提示词（按"提示词 X"格式）
[11:39:28] [info]   提示词 1: 低角度史诗感
3D 卡通渲染，商业游戏宣传海报风格，低角度仰拍镜头，电影级宽画幅，一座被千年寒冰包裹的巨型温度计塔矗立在...
[11:39:28] [info]   提示词 2: 全景末日感
3D 卡通渲染，游戏宣传海报风格，全景镜头，电影级宽画幅，末日冰封场景，巨型温度计灯塔是画面中心，灯塔表面挂...
[11:39:28] [info]   提示词 3: 特写压迫感
3D 卡通渲染，商业游戏宣传海报风格，中近景特写镜头，电影级氛围感，聚焦于被冰完全包裹的巨型温度计灯塔，冰面...
[11:39:28] [info]   提示词 4: 侧光氛围版
3D 卡通渲染，游戏宣传海报风格，侧光镜头，电影级宽画幅，冰封荒原上的巨型温度计灯塔，被厚重的冰层覆盖，塔尖...
[11:39:28] [info]   提示词 5: 俯视叙事版
3D 卡通渲染，商业游戏宣传海报风格，高角度俯视镜头，电影级宽画幅，冰封荒原的全景，巨型温度计灯塔矗立在画面...
[11:39:28] [info] ✅ 已提取到 5 组有效提示词
[11:39:28] [info] 提取结果摘要:
[11:39:28] [info]   [1] 低角度史诗感
3D 卡通渲染，商业游戏宣传海报风格，低角度仰拍镜头，电影级宽画幅，一座被千年寒冰包裹的巨型温度计塔矗立在冰封荒原中央，塔尖的红色警报灯发出微弱的...
[11:39:28] [info]   [2] 全景末日感
3D 卡通渲染，游戏宣传海报风格，全景镜头，电影级宽画幅，末日冰封场景，巨型温度计灯塔是画面中心，灯塔表面挂满冰棱，温度计的水银柱降至最低点，发出微...
[11:39:28] [info]   [3] 特写压迫感
3D 卡通渲染，商业游戏宣传海报风格，中近景特写镜头，电影级氛围感，聚焦于被冰完全包裹的巨型温度计灯塔，冰面光滑透明，能看到内部温度计的刻度与降至最...
[11:39:28] [info]   [4] 侧光氛围版
3D 卡通渲染，游戏宣传海报风格，侧光镜头，电影级宽画幅，冰封荒原上的巨型温度计灯塔，被厚重的冰层覆盖，塔尖红灯发出红光，温度计显示极寒温度，地面散...
[11:39:28] [info]   [5] 俯视叙事版
3D 卡通渲染，商业游戏宣传海报风格，高角度俯视镜头，电影级宽画幅，冰封荒原的全景，巨型温度计灯塔矗立在画面中央，是唯一的高点，塔尖的红光在一片灰白...
[11:39:28] [info] ✅ 成功获取 5 组提示词
[11:39:28] [info] 💾 提示词已缓存，可通过API获取
[11:39:28] [info] 正在关闭第 1 张参考图的豆包对话窗口...
[11:39:28] [info] 正在关闭第 1 张参考图的豆包对话窗口...
[11:39:28] [info] ✅ 已关闭第 1 张参考图的豆包对话窗口
[11:39:28] [info] 
[11:39:28] [info] ╔════════════════════════════════════════════════════════════╗
[11:39:28] [info] ║ [步骤2] Legil：每组提示词生成1张图片（共5张）
[11:39:28] [info] ╚════════════════════════════════════════════════════════════╝
[11:39:28] [info] 
[11:39:28] [info] ┌────────────────────────────────────────────────────────────┐
[11:39:28] [info] │ 🎨 提示词 1/5
[11:39:28] [info] ├────────────────────────────────────────────────────────────┤
[11:39:28] [info] │ 低角度史诗感
3D 卡通渲染，商业游戏宣传海报风格，低角度仰拍镜头，电影级宽画幅，一座被千年寒冰包裹...
[11:39:28] [info] └────────────────────────────────────────────────────────────┘
[11:39:28] [info] ========================================
[11:39:28] [info] 开始 Legil 自动化流程 - 第 1 张图片
[11:39:28] [info] ========================================
[11:39:28] [info] [步骤1/5] 正在上传参考图...
[11:39:28] [info] 准备上传参考图: 茉莉.jpg
[11:39:30] [info] 找到文件上传输入框: input[type="file"]
[11:39:30] [info] 已选择参考图文件: 茉莉.jpg
[11:39:33] [info] 参考图上传流程完成
[11:39:33] [info] ✅ 参考图上传成功
[11:39:36] [info] [步骤2/5] 正在填入提示词...
[11:39:38] [info] 找到输入框: textarea[placeholder*="描述"]
[11:39:38] [info] 提示词已填入
[11:39:38] [info] [步骤3/5] 正在点击生成按钮...
[11:39:38] [info] 找到生成按钮: button:has-text("创建图片")
[11:39:38] [info] 已点击生成按钮
[11:39:38] [info] [步骤4/5] 等待图片生成完成（约3-5分钟）...
[11:39:38] [info] 等待图片生成中...
[11:39:49] [info]   等待回复... 已等待 150秒，剩余 149秒
[11:40:09] [info] ⏳ 已等待 30 秒...
[11:40:19] [info]   等待回复... 已等待 180秒，剩余 119秒
[11:40:39] [info] ⏳ 已等待 60 秒...
[11:40:49] [info]   等待回复... 已等待 210秒，剩余 89秒
[11:40:51] [info] ✅ 检测到"创建图片"按钮，生成完成
[11:40:54] [info] [步骤5/5] 正在保存生成的图片...
[11:40:54] [info] 正在查找缩略图...
[11:40:54] [info] 找到缩略图: 200x200
[11:40:54] [info] 点击缩略图打开大图...
[11:40:54] [info] 已点击，等待大图弹窗...
[11:40:57] [info] 查找完整大图...
[11:40:57] [info] 找到完整大图: https://legil-diandian-lumos.oss-cn-beijing.aliyuncs.com/output%2Fchenyang.li%2F...
[11:40:57] [info] 正在下载图片...
[11:40:58] [info] 下载完成: 6088.44 KB
[11:40:58] [info] ✅ 图片保存成功: legil_1_2026-05-09T03-40-54.png (6088.44 KB)
[11:40:59] [info] ========================================
[11:40:59] [info] ✅ 流程完成！图片已保存
[11:40:59] [info] 📁 保存路径: D:\工作\自动化工作流1\输出\legil_1_2026-05-09T03-40-54.png
[11:40:59] [info] ========================================
[11:40:59] [info] ✅ 图片 1/5 生成成功
[11:40:59] [info] ⏳ 等待5秒后继续下一张...
[11:41:04] [info] 
[11:41:04] [info] ┌────────────────────────────────────────────────────────────┐
[11:41:04] [info] │ 🎨 提示词 2/5
[11:41:04] [info] ├────────────────────────────────────────────────────────────┤
[11:41:04] [info] │ 全景末日感
3D 卡通渲染，游戏宣传海报风格，全景镜头，电影级宽画幅，末日冰封场景，巨型温度计灯塔是...
[11:41:04] [info] └────────────────────────────────────────────────────────────┘
[11:41:04] [info] ========================================
[11:41:04] [info] 开始 Legil 自动化流程 - 第 2 张图片
[11:41:04] [info] ========================================
[11:41:04] [info] [步骤1/5] 正在上传参考图...
[11:41:04] [info] 准备上传参考图: 茉莉.jpg
[11:41:06] [info] 找到文件上传输入框: input[type="file"]
[11:41:06] [info] 已选择参考图文件: 茉莉.jpg
[11:41:09] [info] 参考图上传流程完成
[11:41:09] [info] ✅ 参考图上传成功
[11:41:12] [info] [步骤2/5] 正在填入提示词...
[11:41:14] [info] 找到输入框: textarea[placeholder*="描述"]
[11:41:14] [info] 提示词已填入
[11:41:14] [info] [步骤3/5] 正在点击生成按钮...
[11:41:14] [info] 找到生成按钮: button:has-text("创建图片")
[11:41:14] [info] 已点击生成按钮
[11:41:14] [info] [步骤4/5] 等待图片生成完成（约3-5分钟）...
[11:41:14] [info] 等待图片生成中...
[11:41:19] [info]   等待回复... 已等待 240秒，剩余 59秒
[11:41:45] [info] ⏳ 已等待 30 秒...
[11:41:49] [info]   等待回复... 已等待 270秒，剩余 29秒
[11:42:15] [info] ⏳ 已等待 60 秒...
[11:42:19] [error] ❌ 等待回复超时（超过5分钟），图片处理失败: 怪物锁定_冰原公路遇袭_01.png
[11:42:19] [info] 📝 已记录失败图片到日志: C:\Users\dd\Desktop\项目\failed_images.log
[11:42:19] [error] ❌ 豆包自动化失败: 等待豆包回复超时
[11:42:19] [error] ❌ 处理失败: 豆包生成提示词失败
[11:42:19] [info] 
[11:42:19] [info] ========================================
[11:42:19] [info] ✅ 完整工作流执行完毕！
[11:42:19] [info] ========================================
[11:42:19] [info] 处理结果:
[11:42:19] [info]   - 成功: 0 张
[11:42:19] [info]   - 失败: 1 张
[11:42:19] [info]   - 共生成: 1 张图片
[11:42:19] [info] ========================================

✅ 工作流执行结果: 工作流执行完毕
[11:42:27] [info] ✅ 检测到"创建图片"按钮，生成完成
[11:42:30] [info] [步骤5/5] 正在保存生成的图片...
[11:42:30] [info] 正在查找缩略图...
[11:42:30] [info] 找到缩略图: 200x200
[11:42:30] [info] 点击缩略图打开大图...
[11:42:30] [info] 已点击，等待大图弹窗...
[11:42:33] [info] 查找完整大图...
[11:42:33] [info] 找到完整大图: https://legil-diandian-lumos.oss-cn-beijing.aliyuncs.com/output%2Fchenyang.li%2F...
[11:42:33] [info] 正在下载图片...
[11:42:33] [info] 下载完成: 2368.49 KB
[11:42:33] [info] ✅ 图片保存成功: legil_2_2026-05-09T03-42-30.png (2368.49 KB)
[11:42:34] [info] ========================================
[11:42:34] [info] ✅ 流程完成！图片已保存
[11:42:34] [info] 📁 保存路径: D:\工作\自动化工作流1\输出\legil_2_2026-05-09T03-42-30.png
[11:42:34] [info] ========================================
[11:42:34] [info] ✅ 图片 2/5 生成成功
[11:42:34] [info] ⏳ 等待5秒后继续下一张...
[11:42:39] [info] 
[11:42:39] [info] ┌────────────────────────────────────────────────────────────┐
[11:42:39] [info] │ 🎨 提示词 3/5
[11:42:39] [info] ├────────────────────────────────────────────────────────────┤
[11:42:39] [info] │ 特写压迫感
3D 卡通渲染，商业游戏宣传海报风格，中近景特写镜头，电影级氛围感，聚焦于被冰完全包裹的...
[11:42:39] [info] └────────────────────────────────────────────────────────────┘
[11:42:39] [info] ========================================
[11:42:39] [info] 开始 Legil 自动化流程 - 第 3 张图片
[11:42:39] [info] ========================================
[11:42:39] [info] [步骤1/5] 正在上传参考图...
[11:42:39] [info] 准备上传参考图: 茉莉.jpg
[11:42:41] [info] 找到文件上传输入框: input[type="file"]
[11:42:41] [info] 已选择参考图文件: 茉莉.jpg
[11:42:44] [info] 参考图上传流程完成
[11:42:44] [info] ✅ 参考图上传成功
[11:42:47] [info] [步骤2/5] 正在填入提示词...
[11:42:49] [info] 找到输入框: textarea[placeholder*="描述"]
[11:42:49] [info] 提示词已填入
[11:42:49] [info] [步骤3/5] 正在点击生成按钮...
[11:42:49] [info] 找到生成按钮: button:has-text("创建图片")
[11:42:49] [info] 已点击生成按钮
[11:42:49] [info] [步骤4/5] 等待图片生成完成（约3-5分钟）...
[11:42:49] [info] 等待图片生成中...
[11:43:20] [info] ⏳ 已等待 30 秒...
[11:43:32] [info] ✅ 检测到"创建图片"按钮，生成完成
[11:43:35] [info] [步骤5/5] 正在保存生成的图片...
[11:43:35] [info] 正在查找缩略图...
[11:43:35] [info] 找到缩略图: 200x200
[11:43:35] [info] 点击缩略图打开大图...
[11:43:35] [info] 已点击，等待大图弹窗...
[11:43:38] [info] 查找完整大图...
[11:43:38] [info] 找到完整大图: https://legil-diandian-lumos.oss-cn-beijing.aliyuncs.com/output%2Fchenyang.li%2F...
[11:43:38] [info] 正在下载图片...
[11:43:38] [info] 下载完成: 2790.20 KB
[11:43:38] [info] ✅ 图片保存成功: legil_3_2026-05-09T03-43-35.png (2790.20 KB)
[11:43:39] [info] ========================================
[11:43:39] [info] ✅ 流程完成！图片已保存
[11:43:39] [info] 📁 保存路径: D:\工作\自动化工作流1\输出\legil_3_2026-05-09T03-43-35.png
[11:43:39] [info] ========================================
[11:43:39] [info] ✅ 图片 3/5 生成成功
[11:43:39] [info] ⏳ 等待5秒后继续下一张...
[11:43:44] [info] 
[11:43:44] [info] ┌────────────────────────────────────────────────────────────┐
[11:43:44] [info] │ 🎨 提示词 4/5
[11:43:44] [info] ├────────────────────────────────────────────────────────────┤
[11:43:44] [info] │ 侧光氛围版
3D 卡通渲染，游戏宣传海报风格，侧光镜头，电影级宽画幅，冰封荒原上的巨型温度计灯塔，被...
[11:43:44] [info] └────────────────────────────────────────────────────────────┘
[11:43:44] [info] ========================================
[11:43:44] [info] 开始 Legil 自动化流程 - 第 4 张图片
[11:43:44] [info] ========================================
[11:43:44] [info] [步骤1/5] 正在上传参考图...
[11:43:44] [info] 准备上传参考图: 茉莉.jpg
[11:43:46] [info] 找到文件上传输入框: input[type="file"]
[11:43:46] [info] 已选择参考图文件: 茉莉.jpg
[11:43:49] [info] 参考图上传流程完成
[11:43:49] [info] ✅ 参考图上传成功
[11:43:52] [info] [步骤2/5] 正在填入提示词...
[11:43:54] [info] 找到输入框: textarea[placeholder*="描述"]
[11:43:54] [info] 提示词已填入
[11:43:54] [info] [步骤3/5] 正在点击生成按钮...
[11:43:54] [info] 找到生成按钮: button:has-text("创建图片")
[11:43:54] [info] 已点击生成按钮
[11:43:54] [info] [步骤4/5] 等待图片生成完成（约3-5分钟）...
[11:43:54] [info] 等待图片生成中...
[11:44:24] [info] ⏳ 已等待 30 秒...
[11:44:45] [info] ✅ 检测到"创建图片"按钮，生成完成
[11:44:48] [info] [步骤5/5] 正在保存生成的图片...
[11:44:48] [info] 正在查找缩略图...
[11:44:48] [info] 找到缩略图: 200x200
[11:44:48] [info] 点击缩略图打开大图...
[11:44:49] [info] 已点击，等待大图弹窗...
[11:44:52] [info] 查找完整大图...
[11:44:52] [info] 找到完整大图: https://legil-diandian-lumos.oss-cn-beijing.aliyuncs.com/output%2Fchenyang.li%2F...
[11:44:52] [info] 正在下载图片...
[11:44:52] [info] 下载完成: 2641.01 KB
[11:44:52] [info] ✅ 图片保存成功: legil_4_2026-05-09T03-44-48.png (2641.01 KB)
[11:44:52] [info] ========================================
[11:44:52] [info] ✅ 流程完成！图片已保存
[11:44:52] [info] 📁 保存路径: D:\工作\自动化工作流1\输出\legil_4_2026-05-09T03-44-48.png
[11:44:52] [info] ========================================
[11:44:52] [info] ✅ 图片 4/5 生成成功
[11:44:52] [info] ⏳ 等待5秒后继续下一张...
[11:44:57] [info] 
[11:44:57] [info] ┌────────────────────────────────────────────────────────────┐
[11:44:57] [info] │ 🎨 提示词 5/5
[11:44:57] [info] ├────────────────────────────────────────────────────────────┤
[11:44:57] [info] │ 俯视叙事版
3D 卡通渲染，商业游戏宣传海报风格，高角度俯视镜头，电影级宽画幅，冰封荒原的全景，巨型...
[11:44:57] [info] └────────────────────────────────────────────────────────────┘
[11:44:57] [info] ========================================
[11:44:57] [info] 开始 Legil 自动化流程 - 第 5 张图片
[11:44:57] [info] ========================================
[11:44:57] [info] [步骤1/5] 正在上传参考图...
[11:44:57] [info] 准备上传参考图: 茉莉.jpg
[11:44:59] [info] 找到文件上传输入框: input[type="file"]
[11:45:00] [info] 已选择参考图文件: 茉莉.jpg
[11:45:03] [info] 参考图上传流程完成
[11:45:03] [info] ✅ 参考图上传成功
[11:45:06] [info] [步骤2/5] 正在填入提示词...
[11:45:08] [info] 找到输入框: textarea[placeholder*="描述"]
[11:45:08] [info] 提示词已填入
[11:45:08] [info] [步骤3/5] 正在点击生成按钮...
[11:45:08] [info] 找到生成按钮: button:has-text("创建图片")
[11:45:08] [info] 已点击生成按钮
[11:45:08] [info] [步骤4/5] 等待图片生成完成（约3-5分钟）...
[11:45:08] [info] 等待图片生成中...
[11:45:38] [info] ⏳ 已等待 30 秒...
[11:46:08] [info] ⏳ 已等待 60 秒...
[11:46:20] [info] ✅ 检测到"创建图片"按钮，生成完成
[11:46:23] [info] [步骤5/5] 正在保存生成的图片...
[11:46:23] [info] 正在查找缩略图...
[11:46:23] [info] 找到缩略图: 200x200
[11:46:23] [info] 点击缩略图打开大图...
[11:46:24] [info] 已点击，等待大图弹窗...
[11:46:27] [info] 查找完整大图...
[11:46:27] [info] 找到完整大图: https://legil-diandian-lumos.oss-cn-beijing.aliyuncs.com/output%2Fchenyang.li%2F...
[11:46:27] [info] 正在下载图片...
[11:46:27] [info] 下载完成: 2827.34 KB
[11:46:27] [info] ✅ 图片保存成功: legil_5_2026-05-09T03-46-23.png (2827.34 KB)
[11:46:27] [info] ========================================
[11:46:27] [info] ✅ 流程完成！图片已保存
[11:46:27] [info] 📁 保存路径: D:\工作\自动化工作流1\输出\legil_5_2026-05-09T03-46-23.png
[11:46:27] [info] ========================================
[11:46:27] [info] ✅ 图片 5/5 生成成功
[11:46:27] [info] 
[11:46:27] [info] ╔════════════════════════════════════════════════════════════╗
[11:46:27] [info] ║ ✅ 参考图 1/3 处理完毕！
[11:46:27] [info] ║    已生成5张图片，准备下一张...
[11:46:27] [info] ╚════════════════════════════════════════════════════════════╝
[11:46:27] [info] 
[11:46:27] [info] ⏳ 准备处理下一张参考图...
[11:46:27] [info] ⏸️ 等待30秒冷却时间（避免触发风控）...
[11:46:57] [info] 正在新开豆包对话...
[11:46:57] [warn] 豆包页面未打开，正在重新打开...
🌐 准备打开 doubao: https://www.doubao.com/chat/
[11:46:57] [browser] 准备打开 doubao
   正在打开页面...
[11:46:57] [browser] 正在打开 doubao: https://www.doubao.com/chat/
   创建新页面...
   正在加载网页...
   等待页面渲染完成...
✅ doubao 已打开并加载完成
[11:47:04] [browser] ✅ doubao 已打开并加载完成
[11:47:14] [info] 
[11:47:14] [info] ========================================
[11:47:14] [info] 📷 正在处理第 2/3 张参考图
[11:47:14] [info] 文件名: 废弃载具_青椒越野残骸_01.png
[11:47:14] [info] ========================================
[11:47:14] [info] 
[11:47:14] [info] ╔════════════════════════════════════════════════════════════╗
[11:47:14] [info] ║ 📷 参考图 2/3: 废弃载具_青椒越野残骸_01.png
[11:47:14] [info] ╠════════════════════════════════════════════════════════════╣
[11:47:14] [info] ║ [步骤0] 检查豆包页面状态...
[11:47:14] [info] ╚════════════════════════════════════════════════════════════╝
[11:47:14] [info] 
[11:47:14] [info] ╔════════════════════════════════════════════════════════════╗
[11:47:14] [info] ║ [步骤1] 豆包：上传图片并获取5组提示词...
[11:47:14] [info] ╚════════════════════════════════════════════════════════════╝
[11:47:14] [info] ========================================
[11:47:14] [info] 🔄 开始处理第 2/3 张参考图
[11:47:14] [info] 图片路径: D:\工作\自动化工作流1\输入\废弃载具_青椒越野残骸_01.png
[11:47:14] [info] ========================================
[11:47:14] [info] 
[11:47:14] [info] 📱 正在为第 2 张参考图新建豆包对话窗口...
[11:47:14] [info] 正在点击"新对话"按钮...
[11:47:14] [info] ✅ 已点击"新对话"按钮
[11:47:17] [info] ✅ 新对话窗口已开启
[11:47:17] [info] ✅ 已为第 2 张参考图新建豆包对话窗口
[11:47:20] [browser] 正在上传图片...
[11:47:20] [info] 定位上传按钮...
[11:47:22] [info] 找到文件输入框，正在上传...
[11:47:22] [info] 图片已选择，等待上传完成...
[11:47:31] [info] ✅ 图片上传成功
[11:47:31] [info] 等待图片上传完成（约 5-10 秒）...
[11:47:39] [browser] 正在发送提示词...
[11:47:39] [info] 正在定位输入框...
[11:47:54] [info] 找到输入框: [class*="editor"]
[11:47:55] [info] 正在逐字填入提示词（模拟人工）...
[11:48:13] [info] 提示词已填入
[11:48:15] [info] 正在发送消息...
[11:48:15] [info] 通过按钮发送成功: button[class*="send"]
[11:48:15] [info] 已发送，开始轮询检查回复状态...
[11:48:15] [info]   等待回复... 已等待 0秒，剩余 300秒
[11:48:45] [info] ✅ 检测到回复已完成（共等待 30秒）
[11:48:45] [browser] 正在获取回复内容...
[11:48:48] [info] 等待内容完全加载...
[11:48:51] [info] 正在获取豆包回复（排除用户消息）...
[11:48:52] [info] ✅ 获取到豆包回复，长度: 463
[11:48:52] [info] ========================================
[11:48:52] [info] ✅ 第 2/3 张参考图处理完成
[11:48:52] [info] ========================================
[11:48:52] [info] 正在从回复中提取提示词...
[11:48:52] [info] 开始提取五组提示词...
[11:48:52] [info] 回复内容长度: 462 字符
[11:48:52] [info] AI回复部分长度: 462 字符
[11:48:52] [info] 尝试按"第 X 组"格式提取...
[11:48:52] [info] 尝试按"X. 标题"格式提取...
[11:48:52] [info] 尝试按"提示词 X：标题 + 代码块"格式提取...
[11:48:52] [info] 尝试按"X. 标题 + 代码块"格式提取...
[11:48:52] [info] 尝试按"X. 标题 + 纯文本"格式提取...
[11:48:52] [info] 尝试按"提示词 X：标题 + 纯文本"格式提取...
[11:48:52] [info] 尝试从代码块中提取...
[11:48:52] [info] 使用智能段落分割策略...
[11:48:52] [info] 找到 1 个候选段落，取前5个
[11:48:52] [info]   [1] 分数: 100.4, 内容: Surreal fantasy game poster, a giant pepper-vehicle hybrid f...
[11:48:52] [error] ❌ 提取失败：只找到 1 组有效提示词，需要5组
[11:48:52] [error] 提取提示词失败: 只提取到 1 组提示词，需要5组
[11:48:52] [error] ❌ 处理失败: 豆包生成提示词失败
[11:48:52] [info] ⏸️ 等待10秒后开启新对话...
[11:49:02] [info] 正在新开豆包对话...
[11:49:02] [info] 未找到新建对话按钮，刷新页面...
[11:49:02] [info] ✅ 页面已刷新

⏹️ 收到停止工作流请求
[11:49:10] [info] 
[11:49:10] [info] ========================================
[11:49:10] [info] 📷 正在处理第 3/3 张参考图
[11:49:10] [info] 文件名: 怪物锁定_冰原公路遇袭_01.png
[11:49:10] [info] ========================================
[11:49:10] [info] 
[11:49:10] [info] ╔════════════════════════════════════════════════════════════╗
[11:49:10] [info] ║ 📷 参考图 3/3: 怪物锁定_冰原公路遇袭_01.png
[11:49:10] [info] ╠════════════════════════════════════════════════════════════╣
[11:49:10] [info] ║ [步骤0] 检查豆包页面状态...
[11:49:10] [info] ╚════════════════════════════════════════════════════════════╝
[11:49:10] [info] 
[11:49:10] [info] ╔════════════════════════════════════════════════════════════╗
[11:49:10] [info] ║ [步骤1] 豆包：上传图片并获取5组提示词...
[11:49:10] [info] ╚════════════════════════════════════════════════════════════╝
[11:49:10] [info] ========================================
[11:49:10] [info] 🔄 开始处理第 3/3 张参考图
[11:49:10] [info] 图片路径: D:\工作\自动化工作流1\输入\怪物锁定_冰原公路遇袭_01.png
[11:49:10] [info] ========================================
[11:49:10] [info] 
[11:49:10] [info] 📱 正在为第 3 张参考图新建豆包对话窗口...
[11:49:10] [info] 正在点击"新对话"按钮...
[11:49:11] [info] ✅ 已点击"新对话"按钮
[11:49:14] [info] ✅ 新对话窗口已开启
[11:49:14] [info] ✅ 已为第 3 张参考图新建豆包对话窗口

⏹️ 收到停止工作流请求
[11:49:17] [browser] 正在上传图片...
[11:49:17] [info] 定位上传按钮...

⏹️ 收到停止工作流请求
[11:49:18] [info] 找到文件输入框，正在上传...
[11:49:18] [info] 图片已选择，等待上传完成...

⏹️ 收到停止工作流请求

⏹️ 收到停止工作流请求
[11:49:29] [info] ✅ 图片上传成功
[11:49:29] [info] 等待图片上传完成（约 5-10 秒）...
[11:49:37] [browser] 正在发送提示词...
[11:49:37] [info] 正在定位输入框...
[11:49:52] [info] 找到输入框: [class*="editor"]
[11:49:54] [info] 正在逐字填入提示词（模拟人工）...
[11:50:11] [info] 提示词已填入
[11:50:12] [info] 正在发送消息...
[11:50:12] [info] 通过按钮发送成功: button[class*="send"]
[11:50:12] [info] 已发送，开始轮询检查回复状态...
[11:50:12] [info] ✅ 检测到回复已完成（共等待 0秒）
[11:50:12] [browser] 正在获取回复内容...
[11:50:15] [info] 等待内容完全加载...
[11:50:18] [info] 正在获取豆包回复（排除用户消息）...
[11:50:18] [info] ✅ 获取到豆包回复，长度: 193
[11:50:18] [info] ========================================
[11:50:18] [info] ✅ 第 3/3 张参考图处理完成
[11:50:18] [info] ========================================
[11:50:18] [info] 正在从回复中提取提示词...
[11:50:18] [info] 开始提取五组提示词...
[11:50:18] [info] 回复内容长度: 192 字符
[11:50:18] [info] AI回复部分长度: 192 字符
[11:50:18] [info] 尝试按"第 X 组"格式提取...
[11:50:18] [info] 尝试按"X. 标题"格式提取...
[11:50:18] [info] 尝试按"提示词 X：标题 + 代码块"格式提取...
[11:50:18] [info] 尝试按"X. 标题 + 代码块"格式提取...
[11:50:18] [info] 尝试按"X. 标题 + 纯文本"格式提取...
[11:50:18] [info] 尝试按"提示词 X：标题 + 纯文本"格式提取...
[11:50:18] [info] 尝试从代码块中提取...
[11:50:18] [info] 使用智能段落分割策略...
[11:50:18] [info] 找到 2 个候选段落，取前5个
[11:50:18] [info]   [2] 分数: 68.9, 内容: 1. 经典末日逃亡风plaintextEpic game poster shot, cinematic low-angl...
[11:50:18] [error] ❌ 提取失败：只找到 1 组有效提示词，需要5组
[11:50:18] [error] 提取提示词失败: 只提取到 1 组提示词，需要5组
[11:50:18] [error] ❌ 处理失败: 豆包生成提示词失败
[11:50:18] [info] 
[11:50:18] [info] ========================================
[11:50:18] [info] ✅ 完整工作流执行完毕！
[11:50:18] [info] ========================================
[11:50:18] [info] 处理结果:
[11:50:18] [info]   - 成功: 1 张
[11:50:18] [info]   - 失败: 3 张
[11:50:18] [info]   - 共生成: 5 张图片
[11:50:18] [info] ========================================

✅ 工作流执行结果: 工作流执行完毕
